<?xml version="1.0" encoding="UTF-8"?>
<testsuite name="Creacion de una reunion de equipo" tests="1" skipped="0" failures="0" errors="0" timestamp="2021-04-28T16:57:54" hostname="MacBook-Pro-de-SBMEDADMIN.local" time="47.308">
  <properties/>
  <testcase name="creacion de unidad de negocio StartShape" classname="Creacion de una reunion de equipo" time="47.308"/>
  <system-out><![CDATA[]]></system-out>
  <system-err><![CDATA[Starting ChromeDriver 90.0.4430.24 (4c6d850f087da467d926e8eddb76550aed655991-refs/branch-heads/4430@{#429}) on port 10378
Only local connections are allowed.
Please see https://chromedriver.chromium.org/security-considerations for suggestions on keeping ChromeDriver safe.
ChromeDriver was started successfully.
abr 28, 2021 11:57:57 AM org.openqa.selenium.remote.ProtocolHandshake createSession
INFORMACIÓN: Detected dialect: W3C
[Test worker] INFO net.serenitybdd.core.Serenity - 
        __    _____ _____ ____ _____   ____   _    ____  ____  _____ ____  
  _     \ \  |_   _| ____/ ___|_   _| |  _ \ / \  / ___|/ ___|| ____|  _ \ 
 (_)_____| |   | | |  _| \___ \ | |   | |_) / _ \ \___ \\___ \|  _| | | | |
  _|_____| |   | | | |___ ___) || |   |  __/ ___ \ ___) |___) | |___| |_| |
 (_)     | |   |_| |_____|____/ |_|   |_| /_/   \_\____/|____/|_____|____/ 
        /_/                                                                

TEST PASSED: creacion de unidad de negocio StartShape
----------------------------------------------------------------------------
]]></system-err>
</testsuite>
