<?xml version="1.0" encoding="UTF-8"?><testsuite errors="0" failures="1" name="Creacion de una reunion de equipo" skipped="0" tests="1" time="38.86" timestamp="2021-04-27 08:51:20"><testcase name="creacion de unidad de negocio StartShape"><failure message="The following error occurred: Expected enabled element was not enabled" type="net.thucydides.core.webdriver.exceptions.ElementShouldBeEnabledException">The following error occurred: Expected enabled element was not enabled</failure><system-err>The following error occurred: Expected enabled element was not enabled
co.com.prueba.certificacion.tasks.Crear.performAs(Crear.java:27)
co.com.prueba.certificacion.stepdefinitions.unidadNegocioStepdefinition.creoUnaNuevaReunionEnStartShape(unidadNegocioStepdefinition.java:56)
cucumber.runner.Runner.runPickle(Runner.java:80)
</system-err></testcase></testsuite>